<?xml version="1.0" encoding="UTF-8"?>
<testsuites name="jest tests" tests="13" failures="0" errors="0" time="4.176">
  <testsuite name="undefined" errors="0" failures="0" skipped="0" timestamp="2020-11-01T14:03:10" time="1.645" tests="4">
    <testcase classname=" Check color init" name=" Check color init" time="0.109">
    </testcase>
    <testcase classname=" Check bad pixels" name=" Check bad pixels" time="0.03">
    </testcase>
    <testcase classname=" Check bad distance" name=" Check bad distance" time="0.034">
    </testcase>
    <testcase classname=" Check bad colorValidator" name=" Check bad colorValidator" time="0.031">
    </testcase>
  </testsuite>
  <testsuite name="undefined" errors="0" failures="0" skipped="0" timestamp="2020-11-01T14:03:11" time="1.366" tests="3">
    <testcase classname=" Color group init" name=" Color group init" time="0.003">
    </testcase>
    <testcase classname=" Add group" name=" Add group" time="0.003">
    </testcase>
    <testcase classname=" Add color" name=" Add color" time="0.001">
    </testcase>
  </testsuite>
  <testsuite name="undefined" errors="0" failures="0" skipped="0" timestamp="2020-11-01T14:03:11" time="1.351" tests="1">
    <testcase classname=" Extract from imageData" name=" Extract from imageData" time="0.004">
    </testcase>
  </testsuite>
  <testsuite name="undefined" errors="0" failures="0" skipped="0" timestamp="2020-11-01T14:03:13" time="0.151" tests="5">
    <testcase classname=" Check color init" name=" Check color init" time="0.001">
    </testcase>
    <testcase classname=" Color distance far" name=" Color distance far" time="0.001">
    </testcase>
    <testcase classname=" Color distance near" name=" Color distance near" time="0">
    </testcase>
    <testcase classname=" Color saturation 1" name=" Color saturation 1" time="0">
    </testcase>
    <testcase classname=" Color saturation 0" name=" Color saturation 0" time="0.001">
    </testcase>
  </testsuite>
</testsuites>