<?xml version="1.0" encoding="UTF-8"?>
<coverage generated="1604152471773" clover="3.2.0">
  <project timestamp="1604152471773" name="All files">
    <metrics statements="152" coveredstatements="118" conditionals="73" coveredconditionals="47" methods="44" coveredmethods="34" elements="269" coveredelements="199" complexity="0" loc="152" ncloc="152" packages="2" files="5" classes="5"/>
    <package name="src">
      <metrics statements="59" coveredstatements="25" conditionals="23" coveredconditionals="4" methods="15" coveredmethods="5"/>
      <file name="extractColorsBrowser.js" path="D:\DAMIEN\scripts\lib\extract-colors\src\extractColorsBrowser.js">
        <metrics statements="37" coveredstatements="7" conditionals="13" coveredconditionals="0" methods="9" coveredmethods="1"/>
        <line num="3" count="1" type="stmt"/>
        <line num="4" count="0" type="stmt"/>
        <line num="5" count="0" type="cond" truecount="0" falsecount="2"/>
        <line num="6" count="0" type="cond" truecount="0" falsecount="2"/>
        <line num="8" count="0" type="stmt"/>
        <line num="9" count="0" type="stmt"/>
        <line num="10" count="0" type="stmt"/>
        <line num="12" count="0" type="stmt"/>
        <line num="13" count="0" type="stmt"/>
        <line num="15" count="0" type="stmt"/>
        <line num="18" count="1" type="stmt"/>
        <line num="19" count="1" type="stmt"/>
        <line num="20" count="1" type="stmt"/>
        <line num="23" count="1" type="stmt"/>
        <line num="24" count="0" type="cond" truecount="0" falsecount="3"/>
        <line num="25" count="0" type="stmt"/>
        <line num="26" count="0" type="stmt"/>
        <line num="27" count="0" type="stmt"/>
        <line num="28" count="0" type="stmt"/>
        <line num="29" count="0" type="stmt"/>
        <line num="32" count="0" type="cond" truecount="0" falsecount="2"/>
        <line num="33" count="0" type="stmt"/>
        <line num="35" count="0" type="stmt"/>
        <line num="36" count="0" type="stmt"/>
        <line num="37" count="0" type="stmt"/>
        <line num="39" count="0" type="stmt"/>
        <line num="44" count="1" type="stmt"/>
        <line num="45" count="0" type="stmt"/>
        <line num="46" count="0" type="stmt"/>
        <line num="47" count="0" type="stmt"/>
        <line num="50" count="1" type="stmt"/>
        <line num="51" count="0" type="cond" truecount="0" falsecount="2"/>
        <line num="52" count="0" type="stmt"/>
        <line num="53" count="0" type="stmt"/>
        <line num="57" count="0" type="cond" truecount="0" falsecount="2"/>
        <line num="58" count="0" type="stmt"/>
        <line num="61" count="0" type="stmt"/>
      </file>
      <file name="extractColorsModule.js" path="D:\DAMIEN\scripts\lib\extract-colors\src\extractColorsModule.js">
        <metrics statements="22" coveredstatements="18" conditionals="10" coveredconditionals="4" methods="6" coveredmethods="4"/>
        <line num="3" count="1" type="stmt"/>
        <line num="5" count="1" type="stmt"/>
        <line num="6" count="1" type="stmt"/>
        <line num="7" count="1" type="cond" truecount="1" falsecount="1"/>
        <line num="8" count="1" type="cond" truecount="1" falsecount="1"/>
        <line num="10" count="1" type="stmt"/>
        <line num="11" count="1" type="stmt"/>
        <line num="12" count="1" type="stmt"/>
        <line num="13" count="1" type="stmt"/>
        <line num="16" count="1" type="stmt"/>
        <line num="17" count="0" type="stmt"/>
        <line num="18" count="0" type="stmt"/>
        <line num="21" count="4" type="stmt"/>
        <line num="23" count="4" type="stmt"/>
        <line num="24" count="1" type="stmt"/>
        <line num="25" count="1" type="stmt"/>
        <line num="28" count="1" type="stmt"/>
        <line num="29" count="4" type="cond" truecount="2" falsecount="4"/>
        <line num="30" count="0" type="stmt"/>
        <line num="31" count="0" type="stmt"/>
        <line num="35" count="4" type="stmt"/>
        <line num="38" count="1" type="stmt"/>
      </file>
    </package>
    <package name="src.color">
      <metrics statements="93" coveredstatements="93" conditionals="50" coveredconditionals="43" methods="29" coveredmethods="29"/>
      <file name="Color.js" path="D:\DAMIEN\scripts\lib\extract-colors\src\color\Color.js">
        <metrics statements="11" coveredstatements="11" conditionals="3" coveredconditionals="3" methods="4" coveredmethods="4"/>
        <line num="3" count="5601" type="stmt"/>
        <line num="5" count="5601" type="stmt"/>
        <line num="6" count="5601" type="stmt"/>
        <line num="7" count="5601" type="stmt"/>
        <line num="8" count="5601" type="stmt"/>
        <line num="10" count="5601" type="stmt"/>
        <line num="14" count="143" type="stmt"/>
        <line num="18" count="1093" type="stmt"/>
        <line num="22" count="1098" type="cond" truecount="2" falsecount="0"/>
        <line num="23" count="100" type="stmt"/>
        <line num="30" count="1098" type="stmt"/>
      </file>
      <file name="ColorsExtractor.js" path="D:\DAMIEN\scripts\lib\extract-colors\src\color\ColorsExtractor.js">
        <metrics statements="39" coveredstatements="39" conditionals="27" coveredconditionals="22" methods="8" coveredmethods="8"/>
        <line num="3" count="2" type="cond" truecount="1" falsecount="1"/>
        <line num="4" count="5" type="cond" truecount="5" falsecount="0"/>
        <line num="5" count="1" type="stmt"/>
        <line num="8" count="4" type="stmt"/>
        <line num="11" count="2" type="cond" truecount="0" falsecount="2"/>
        <line num="12" count="11" type="cond" truecount="5" falsecount="0"/>
        <line num="13" count="1" type="stmt"/>
        <line num="16" count="10" type="stmt"/>
        <line num="19" count="2" type="stmt"/>
        <line num="20" count="3" type="cond" truecount="4" falsecount="0"/>
        <line num="21" count="1" type="stmt"/>
        <line num="24" count="2" type="stmt"/>
        <line num="35" count="5" type="stmt"/>
        <line num="36" count="4" type="stmt"/>
        <line num="37" count="4" type="stmt"/>
        <line num="38" count="3" type="stmt"/>
        <line num="39" count="3" type="stmt"/>
        <line num="43" count="2" type="stmt"/>
        <line num="44" count="2" type="stmt"/>
        <line num="47" count="2" type="stmt"/>
        <line num="48" count="9979" type="stmt"/>
        <line num="49" count="9979" type="stmt"/>
        <line num="50" count="9979" type="stmt"/>
        <line num="51" count="9979" type="stmt"/>
        <line num="53" count="9979" type="cond" truecount="1" falsecount="1"/>
        <line num="54" count="9979" type="stmt"/>
        <line num="55" count="9979" type="stmt"/>
        <line num="56" count="9979" type="stmt"/>
        <line num="58" count="9979" type="stmt"/>
        <line num="59" count="9979" type="stmt"/>
        <line num="60" count="9979" type="stmt"/>
        <line num="64" count="2" type="stmt"/>
        <line num="68" count="2" type="stmt"/>
        <line num="69" count="5" type="stmt"/>
        <line num="80" count="2" type="stmt"/>
        <line num="81" count="2" type="stmt"/>
        <line num="82" count="2" type="stmt"/>
        <line num="83" count="2" type="stmt"/>
        <line num="84" count="9979" type="cond" truecount="0" falsecount="1"/>
      </file>
      <file name="ColorsGroup.js" path="D:\DAMIEN\scripts\lib\extract-colors\src\color\ColorsGroup.js">
        <metrics statements="43" coveredstatements="43" conditionals="20" coveredconditionals="18" methods="17" coveredmethods="17"/>
        <line num="5" count="296" type="stmt"/>
        <line num="6" count="296" type="stmt"/>
        <line num="10" count="19961" type="cond" truecount="2" falsecount="0"/>
        <line num="11" count="19670" type="stmt"/>
        <line num="13" count="291" type="stmt"/>
        <line num="16" count="19961" type="stmt"/>
        <line num="20" count="9985" type="cond" truecount="2" falsecount="0"/>
        <line num="21" count="4394" type="stmt"/>
        <line num="23" count="5591" type="stmt"/>
        <line num="26" count="9985" type="stmt"/>
        <line num="30" count="408" type="stmt"/>
        <line num="31" count="9382" type="stmt"/>
        <line num="35" count="3" type="cond" truecount="1" falsecount="1"/>
        <line num="36" count="3" type="stmt"/>
        <line num="37" count="5" type="cond" truecount="1" falsecount="1"/>
        <line num="39" count="3" type="stmt"/>
        <line num="40" count="3" type="cond" truecount="2" falsecount="0"/>
        <line num="43" count="3" type="stmt"/>
        <line num="47" count="3" type="stmt"/>
        <line num="48" count="3" type="stmt"/>
        <line num="49" count="3" type="cond" truecount="2" falsecount="0"/>
        <line num="50" count="2" type="stmt"/>
        <line num="52" count="1" type="stmt"/>
        <line num="55" count="3" type="cond" truecount="2" falsecount="0"/>
        <line num="59" count="398" type="stmt"/>
        <line num="60" count="398" type="stmt"/>
        <line num="61" count="13685" type="cond" truecount="2" falsecount="0"/>
        <line num="62" count="13576" type="stmt"/>
        <line num="64" count="109" type="stmt"/>
        <line num="67" count="398" type="cond" truecount="2" falsecount="0"/>
        <line num="71" count="2" type="stmt"/>
        <line num="73" count="90" type="stmt"/>
        <line num="74" count="90" type="stmt"/>
        <line num="75" count="90" type="stmt"/>
        <line num="76" count="90" type="stmt"/>
        <line num="79" count="542" type="stmt"/>
        <line num="81" count="2" type="stmt"/>
        <line num="82" count="2" type="stmt"/>
        <line num="83" count="139" type="stmt"/>
        <line num="84" count="90" type="cond" truecount="2" falsecount="0"/>
        <line num="85" count="5" type="stmt"/>
        <line num="87" count="85" type="stmt"/>
        <line num="91" count="2" type="stmt"/>
      </file>
    </package>
  </project>
</coverage>
