{"D:\\DAMIEN\\scripts\\lib\\extract-colors\\src\\extractColorsBrowser.js": {"path":"D:\\DAMIEN\\scripts\\lib\\extract-colors\\src\\extractColorsBrowser.js","statementMap":{"0":{"start":{"line":3,"column":21},"end":{"line":16,"column":1}},"1":{"start":{"line":4,"column":24},"end":{"line":4,"column":50}},"2":{"start":{"line":5,"column":16},"end":{"line":5,"column":114}},"3":{"start":{"line":6,"column":17},"end":{"line":6,"column":117}},"4":{"start":{"line":8,"column":17},"end":{"line":8,"column":49}},"5":{"start":{"line":9,"column":2},"end":{"line":9,"column":22}},"6":{"start":{"line":10,"column":2},"end":{"line":10,"column":24}},"7":{"start":{"line":12,"column":18},"end":{"line":12,"column":41}},"8":{"start":{"line":13,"column":2},"end":{"line":13,"column":80}},"9":{"start":{"line":15,"column":2},"end":{"line":15,"column":50}},"10":{"start":{"line":18,"column":35},"end":{"line":21,"column":1}},"11":{"start":{"line":19,"column":26},"end":{"line":19,"column":54}},"12":{"start":{"line":20,"column":2},"end":{"line":20,"column":48}},"13":{"start":{"line":23,"column":31},"end":{"line":42,"column":1}},"14":{"start":{"line":24,"column":2},"end":{"line":24,"column":62}},"15":{"start":{"line":25,"column":2},"end":{"line":41,"column":4}},"16":{"start":{"line":26,"column":20},"end":{"line":30,"column":5}},"17":{"start":{"line":27,"column":30},"end":{"line":27,"column":58}},"18":{"start":{"line":28,"column":24},"end":{"line":28,"column":67}},"19":{"start":{"line":29,"column":6},"end":{"line":29,"column":54}},"20":{"start":{"line":32,"column":4},"end":{"line":40,"column":5}},"21":{"start":{"line":33,"column":6},"end":{"line":33,"column":29}},"22":{"start":{"line":35,"column":26},"end":{"line":38,"column":7}},"23":{"start":{"line":36,"column":8},"end":{"line":36,"column":54}},"24":{"start":{"line":37,"column":8},"end":{"line":37,"column":31}},"25":{"start":{"line":39,"column":6},"end":{"line":39,"column":49}},"26":{"start":{"line":44,"column":29},"end":{"line":48,"column":1}},"27":{"start":{"line":45,"column":16},"end":{"line":45,"column":27}},"28":{"start":{"line":46,"column":2},"end":{"line":46,"column":17}},"29":{"start":{"line":47,"column":2},"end":{"line":47,"column":47}},"30":{"start":{"line":50,"column":22},"end":{"line":62,"column":1}},"31":{"start":{"line":51,"column":2},"end":{"line":55,"column":3}},"32":{"start":{"line":52,"column":4},"end":{"line":54,"column":6}},"33":{"start":{"line":53,"column":6},"end":{"line":53,"column":59}},"34":{"start":{"line":57,"column":2},"end":{"line":59,"column":3}},"35":{"start":{"line":58,"column":4},"end":{"line":58,"column":51}},"36":{"start":{"line":61,"column":2},"end":{"line":61,"column":47}}},"fnMap":{"0":{"name":"(anonymous_0)","decl":{"start":{"line":3,"column":21},"end":{"line":3,"column":22}},"loc":{"start":{"line":3,"column":40},"end":{"line":16,"column":1}},"line":3},"1":{"name":"(anonymous_1)","decl":{"start":{"line":18,"column":35},"end":{"line":18,"column":36}},"loc":{"start":{"line":18,"column":59},"end":{"line":21,"column":1}},"line":18},"2":{"name":"(anonymous_2)","decl":{"start":{"line":23,"column":31},"end":{"line":23,"column":32}},"loc":{"start":{"line":23,"column":51},"end":{"line":42,"column":1}},"line":23},"3":{"name":"(anonymous_3)","decl":{"start":{"line":25,"column":21},"end":{"line":25,"column":22}},"loc":{"start":{"line":25,"column":32},"end":{"line":41,"column":3}},"line":25},"4":{"name":"(anonymous_4)","decl":{"start":{"line":26,"column":20},"end":{"line":26,"column":21}},"loc":{"start":{"line":26,"column":40},"end":{"line":30,"column":5}},"line":26},"5":{"name":"(anonymous_5)","decl":{"start":{"line":35,"column":26},"end":{"line":35,"column":27}},"loc":{"start":{"line":35,"column":32},"end":{"line":38,"column":7}},"line":35},"6":{"name":"(anonymous_6)","decl":{"start":{"line":44,"column":29},"end":{"line":44,"column":30}},"loc":{"start":{"line":44,"column":47},"end":{"line":48,"column":1}},"line":44},"7":{"name":"(anonymous_7)","decl":{"start":{"line":50,"column":22},"end":{"line":50,"column":23}},"loc":{"start":{"line":50,"column":44},"end":{"line":62,"column":1}},"line":50},"8":{"name":"(anonymous_8)","decl":{"start":{"line":52,"column":23},"end":{"line":52,"column":24}},"loc":{"start":{"line":52,"column":34},"end":{"line":54,"column":5}},"line":52}},"branchMap":{"0":{"loc":{"start":{"line":5,"column":16},"end":{"line":5,"column":114}},"type":"cond-expr","locations":[{"start":{"line":5,"column":41},"end":{"line":5,"column":52}},{"start":{"line":5,"column":55},"end":{"line":5,"column":114}}],"line":5},"1":{"loc":{"start":{"line":6,"column":17},"end":{"line":6,"column":117}},"type":"cond-expr","locations":[{"start":{"line":6,"column":42},"end":{"line":6,"column":54}},{"start":{"line":6,"column":57},"end":{"line":6,"column":117}}],"line":6},"2":{"loc":{"start":{"line":24,"column":22},"end":{"line":24,"column":62}},"type":"binary-expr","locations":[{"start":{"line":24,"column":23},"end":{"line":24,"column":30}},{"start":{"line":24,"column":34},"end":{"line":24,"column":53}},{"start":{"line":24,"column":58},"end":{"line":24,"column":62}}],"line":24},"3":{"loc":{"start":{"line":32,"column":4},"end":{"line":40,"column":5}},"type":"if","locations":[{"start":{"line":32,"column":4},"end":{"line":40,"column":5}},{"start":{"line":32,"column":4},"end":{"line":40,"column":5}}],"line":32},"4":{"loc":{"start":{"line":51,"column":2},"end":{"line":55,"column":3}},"type":"if","locations":[{"start":{"line":51,"column":2},"end":{"line":55,"column":3}},{"start":{"line":51,"column":2},"end":{"line":55,"column":3}}],"line":51},"5":{"loc":{"start":{"line":57,"column":2},"end":{"line":59,"column":3}},"type":"if","locations":[{"start":{"line":57,"column":2},"end":{"line":59,"column":3}},{"start":{"line":57,"column":2},"end":{"line":59,"column":3}}],"line":57}},"s":{"0":1,"1":0,"2":0,"3":0,"4":0,"5":0,"6":0,"7":0,"8":0,"9":0,"10":1,"11":1,"12":1,"13":1,"14":0,"15":0,"16":0,"17":0,"18":0,"19":0,"20":0,"21":0,"22":0,"23":0,"24":0,"25":0,"26":1,"27":0,"28":0,"29":0,"30":1,"31":0,"32":0,"33":0,"34":0,"35":0,"36":0},"f":{"0":0,"1":1,"2":0,"3":0,"4":0,"5":0,"6":0,"7":0,"8":0},"b":{"0":[0,0],"1":[0,0],"2":[0,0,0],"3":[0,0],"4":[0,0],"5":[0,0]},"_coverageSchema":"43e27e138ebf9cfc5966b082cf9a028302ed4184","hash":"593130de7685c6fb866b412b05bafe92b3edb93a"}
,"D:\\DAMIEN\\scripts\\lib\\extract-colors\\src\\extractColorsModule.js": {"path":"D:\\DAMIEN\\scripts\\lib\\extract-colors\\src\\extractColorsModule.js","statementMap":{"0":{"start":{"line":2,"column":36},"end":{"line":2,"column":53}},"1":{"start":{"line":4,"column":21},"end":{"line":13,"column":1}},"2":{"start":{"line":5,"column":24},"end":{"line":5,"column":50}},"3":{"start":{"line":6,"column":16},"end":{"line":6,"column":114}},"4":{"start":{"line":7,"column":17},"end":{"line":7,"column":117}},"5":{"start":{"line":9,"column":17},"end":{"line":9,"column":44}},"6":{"start":{"line":10,"column":18},"end":{"line":10,"column":41}},"7":{"start":{"line":11,"column":2},"end":{"line":11,"column":80}},"8":{"start":{"line":12,"column":2},"end":{"line":12,"column":50}},"9":{"start":{"line":15,"column":35},"end":{"line":18,"column":1}},"10":{"start":{"line":16,"column":26},"end":{"line":16,"column":54}},"11":{"start":{"line":17,"column":2},"end":{"line":17,"column":48}},"12":{"start":{"line":20,"column":29},"end":{"line":27,"column":1}},"13":{"start":{"line":21,"column":2},"end":{"line":26,"column":6}},"14":{"start":{"line":23,"column":30},"end":{"line":23,"column":58}},"15":{"start":{"line":24,"column":24},"end":{"line":24,"column":67}},"16":{"start":{"line":25,"column":6},"end":{"line":25,"column":52}},"17":{"start":{"line":29,"column":22},"end":{"line":37,"column":1}},"18":{"start":{"line":30,"column":2},"end":{"line":34,"column":3}},"19":{"start":{"line":31,"column":4},"end":{"line":33,"column":6}},"20":{"start":{"line":32,"column":6},"end":{"line":32,"column":59}},"21":{"start":{"line":36,"column":2},"end":{"line":36,"column":47}},"22":{"start":{"line":39,"column":0},"end":{"line":43,"column":1}}},"fnMap":{"0":{"name":"(anonymous_0)","decl":{"start":{"line":4,"column":21},"end":{"line":4,"column":22}},"loc":{"start":{"line":4,"column":40},"end":{"line":13,"column":1}},"line":4},"1":{"name":"(anonymous_1)","decl":{"start":{"line":15,"column":35},"end":{"line":15,"column":36}},"loc":{"start":{"line":15,"column":59},"end":{"line":18,"column":1}},"line":15},"2":{"name":"(anonymous_2)","decl":{"start":{"line":20,"column":29},"end":{"line":20,"column":30}},"loc":{"start":{"line":20,"column":47},"end":{"line":27,"column":1}},"line":20},"3":{"name":"(anonymous_3)","decl":{"start":{"line":22,"column":10},"end":{"line":22,"column":11}},"loc":{"start":{"line":22,"column":19},"end":{"line":26,"column":5}},"line":22},"4":{"name":"(anonymous_4)","decl":{"start":{"line":29,"column":22},"end":{"line":29,"column":23}},"loc":{"start":{"line":29,"column":44},"end":{"line":37,"column":1}},"line":29},"5":{"name":"(anonymous_5)","decl":{"start":{"line":31,"column":23},"end":{"line":31,"column":24}},"loc":{"start":{"line":31,"column":34},"end":{"line":33,"column":5}},"line":31}},"branchMap":{"0":{"loc":{"start":{"line":6,"column":16},"end":{"line":6,"column":114}},"type":"cond-expr","locations":[{"start":{"line":6,"column":41},"end":{"line":6,"column":52}},{"start":{"line":6,"column":55},"end":{"line":6,"column":114}}],"line":6},"1":{"loc":{"start":{"line":7,"column":17},"end":{"line":7,"column":117}},"type":"cond-expr","locations":[{"start":{"line":7,"column":42},"end":{"line":7,"column":54}},{"start":{"line":7,"column":57},"end":{"line":7,"column":117}}],"line":7},"2":{"loc":{"start":{"line":30,"column":2},"end":{"line":34,"column":3}},"type":"if","locations":[{"start":{"line":30,"column":2},"end":{"line":34,"column":3}},{"start":{"line":30,"column":2},"end":{"line":34,"column":3}}],"line":30},"3":{"loc":{"start":{"line":30,"column":6},"end":{"line":30,"column":76}},"type":"binary-expr","locations":[{"start":{"line":30,"column":6},"end":{"line":30,"column":19}},{"start":{"line":30,"column":23},"end":{"line":30,"column":37}},{"start":{"line":30,"column":41},"end":{"line":30,"column":53}},{"start":{"line":30,"column":57},"end":{"line":30,"column":76}}],"line":30}},"s":{"0":1,"1":1,"2":1,"3":1,"4":1,"5":1,"6":1,"7":1,"8":1,"9":1,"10":0,"11":0,"12":1,"13":4,"14":4,"15":1,"16":1,"17":1,"18":4,"19":0,"20":0,"21":4,"22":1},"f":{"0":1,"1":0,"2":4,"3":4,"4":4,"5":0},"b":{"0":[0,1],"1":[0,1],"2":[0,4],"3":[4,0,0,0]},"_coverageSchema":"43e27e138ebf9cfc5966b082cf9a028302ed4184","hash":"83d7143189c142179224b26f96b562fbe03fe9f9"}
,"D:\\DAMIEN\\scripts\\lib\\extract-colors\\src\\color\\Color.js": {"path":"D:\\DAMIEN\\scripts\\lib\\extract-colors\\src\\color\\Color.js","statementMap":{"0":{"start":{"line":3,"column":4},"end":{"line":3,"column":23}},"1":{"start":{"line":5,"column":4},"end":{"line":5,"column":18}},"2":{"start":{"line":6,"column":4},"end":{"line":6,"column":22}},"3":{"start":{"line":7,"column":4},"end":{"line":7,"column":20}},"4":{"start":{"line":8,"column":4},"end":{"line":8,"column":18}},"5":{"start":{"line":10,"column":4},"end":{"line":10,"column":18}},"6":{"start":{"line":14,"column":4},"end":{"line":14,"column":128}},"7":{"start":{"line":18,"column":4},"end":{"line":18,"column":109}},"8":{"start":{"line":22,"column":4},"end":{"line":28,"column":5}},"9":{"start":{"line":23,"column":6},"end":{"line":27,"column":7}},"10":{"start":{"line":30,"column":4},"end":{"line":30,"column":26}}},"fnMap":{"0":{"name":"(anonymous_0)","decl":{"start":{"line":2,"column":2},"end":{"line":2,"column":3}},"loc":{"start":{"line":2,"column":70},"end":{"line":11,"column":3}},"line":2},"1":{"name":"(anonymous_1)","decl":{"start":{"line":13,"column":2},"end":{"line":13,"column":3}},"loc":{"start":{"line":13,"column":19},"end":{"line":15,"column":3}},"line":13},"2":{"name":"(anonymous_2)","decl":{"start":{"line":17,"column":2},"end":{"line":17,"column":3}},"loc":{"start":{"line":17,"column":45},"end":{"line":19,"column":3}},"line":17},"3":{"name":"(anonymous_3)","decl":{"start":{"line":21,"column":2},"end":{"line":21,"column":3}},"loc":{"start":{"line":21,"column":19},"end":{"line":31,"column":3}},"line":21}},"branchMap":{"0":{"loc":{"start":{"line":2,"column":33},"end":{"line":2,"column":68}},"type":"default-arg","locations":[{"start":{"line":2,"column":39},"end":{"line":2,"column":68}}],"line":2},"1":{"loc":{"start":{"line":22,"column":4},"end":{"line":28,"column":5}},"type":"if","locations":[{"start":{"line":22,"column":4},"end":{"line":28,"column":5}},{"start":{"line":22,"column":4},"end":{"line":28,"column":5}}],"line":22}},"s":{"0":5601,"1":5601,"2":5601,"3":5601,"4":5601,"5":5601,"6":143,"7":1093,"8":1098,"9":100,"10":1098},"f":{"0":5601,"1":143,"2":1093,"3":1098},"b":{"0":[10],"1":[100,998]},"_coverageSchema":"43e27e138ebf9cfc5966b082cf9a028302ed4184","hash":"7fa56d3ceb0d8e48ca1495118ea9453e07a154b8"}
,"D:\\DAMIEN\\scripts\\lib\\extract-colors\\src\\color\\ColorsExtractor.js": {"path":"D:\\DAMIEN\\scripts\\lib\\extract-colors\\src\\color\\ColorsExtractor.js","statementMap":{"0":{"start":{"line":3,"column":17},"end":{"line":9,"column":1}},"1":{"start":{"line":4,"column":2},"end":{"line":6,"column":3}},"2":{"start":{"line":5,"column":4},"end":{"line":5,"column":42}},"3":{"start":{"line":8,"column":2},"end":{"line":8,"column":22}},"4":{"start":{"line":11,"column":19},"end":{"line":17,"column":1}},"5":{"start":{"line":12,"column":2},"end":{"line":14,"column":3}},"6":{"start":{"line":13,"column":4},"end":{"line":13,"column":42}},"7":{"start":{"line":16,"column":2},"end":{"line":16,"column":20}},"8":{"start":{"line":19,"column":21},"end":{"line":25,"column":1}},"9":{"start":{"line":20,"column":2},"end":{"line":22,"column":3}},"10":{"start":{"line":21,"column":4},"end":{"line":21,"column":42}},"11":{"start":{"line":24,"column":2},"end":{"line":24,"column":12}},"12":{"start":{"line":35,"column":4},"end":{"line":35,"column":47}},"13":{"start":{"line":36,"column":4},"end":{"line":36,"column":65}},"14":{"start":{"line":37,"column":4},"end":{"line":37,"column":58}},"15":{"start":{"line":38,"column":4},"end":{"line":38,"column":94}},"16":{"start":{"line":39,"column":4},"end":{"line":39,"column":72}},"17":{"start":{"line":43,"column":18},"end":{"line":43,"column":35}},"18":{"start":{"line":44,"column":16},"end":{"line":44,"column":31}},"19":{"start":{"line":47,"column":4},"end":{"line":62,"column":5}},"20":{"start":{"line":47,"column":17},"end":{"line":47,"column":18}},"21":{"start":{"line":48,"column":16},"end":{"line":48,"column":23}},"22":{"start":{"line":49,"column":16},"end":{"line":49,"column":27}},"23":{"start":{"line":50,"column":16},"end":{"line":50,"column":27}},"24":{"start":{"line":51,"column":16},"end":{"line":51,"column":27}},"25":{"start":{"line":53,"column":6},"end":{"line":61,"column":7}},"26":{"start":{"line":54,"column":21},"end":{"line":54,"column":41}},"27":{"start":{"line":55,"column":23},"end":{"line":55,"column":81}},"28":{"start":{"line":56,"column":22},"end":{"line":56,"column":141}},"29":{"start":{"line":58,"column":8},"end":{"line":58,"column":37}},"30":{"start":{"line":59,"column":8},"end":{"line":59,"column":38}},"31":{"start":{"line":60,"column":8},"end":{"line":60,"column":37}},"32":{"start":{"line":64,"column":4},"end":{"line":64,"column":81}},"33":{"start":{"line":68,"column":4},"end":{"line":76,"column":9}},"34":{"start":{"line":69,"column":21},"end":{"line":76,"column":7}},"35":{"start":{"line":80,"column":0},"end":{"line":84,"column":86}},"36":{"start":{"line":84,"column":75},"end":{"line":84,"column":86}}},"fnMap":{"0":{"name":"(anonymous_0)","decl":{"start":{"line":3,"column":17},"end":{"line":3,"column":18}},"loc":{"start":{"line":3,"column":73},"end":{"line":9,"column":1}},"line":3},"1":{"name":"(anonymous_1)","decl":{"start":{"line":11,"column":19},"end":{"line":11,"column":20}},"loc":{"start":{"line":11,"column":68},"end":{"line":17,"column":1}},"line":11},"2":{"name":"(anonymous_2)","decl":{"start":{"line":19,"column":21},"end":{"line":19,"column":22}},"loc":{"start":{"line":19,"column":37},"end":{"line":25,"column":1}},"line":19},"3":{"name":"(anonymous_3)","decl":{"start":{"line":28,"column":2},"end":{"line":28,"column":3}},"loc":{"start":{"line":34,"column":10},"end":{"line":40,"column":3}},"line":34},"4":{"name":"(anonymous_4)","decl":{"start":{"line":42,"column":2},"end":{"line":42,"column":3}},"loc":{"start":{"line":42,"column":17},"end":{"line":65,"column":3}},"line":42},"5":{"name":"(anonymous_5)","decl":{"start":{"line":67,"column":2},"end":{"line":67,"column":3}},"loc":{"start":{"line":67,"column":17},"end":{"line":77,"column":3}},"line":67},"6":{"name":"(anonymous_6)","decl":{"start":{"line":69,"column":11},"end":{"line":69,"column":12}},"loc":{"start":{"line":69,"column":21},"end":{"line":76,"column":7}},"line":69},"7":{"name":"(anonymous_7)","decl":{"start":{"line":84,"column":40},"end":{"line":84,"column":41}},"loc":{"start":{"line":84,"column":75},"end":{"line":84,"column":86}},"line":84}},"branchMap":{"0":{"loc":{"start":{"line":3,"column":30},"end":{"line":3,"column":37}},"type":"default-arg","locations":[{"start":{"line":3,"column":36},"end":{"line":3,"column":37}}],"line":3},"1":{"loc":{"start":{"line":3,"column":39},"end":{"line":3,"column":68}},"type":"default-arg","locations":[{"start":{"line":3,"column":45},"end":{"line":3,"column":68}}],"line":3},"2":{"loc":{"start":{"line":4,"column":2},"end":{"line":6,"column":3}},"type":"if","locations":[{"start":{"line":4,"column":2},"end":{"line":6,"column":3}},{"start":{"line":4,"column":2},"end":{"line":6,"column":3}}],"line":4},"3":{"loc":{"start":{"line":4,"column":6},"end":{"line":4,"column":54}},"type":"binary-expr","locations":[{"start":{"line":4,"column":6},"end":{"line":4,"column":28}},{"start":{"line":4,"column":32},"end":{"line":4,"column":41}},{"start":{"line":4,"column":45},"end":{"line":4,"column":54}}],"line":4},"4":{"loc":{"start":{"line":11,"column":32},"end":{"line":11,"column":39}},"type":"default-arg","locations":[{"start":{"line":11,"column":38},"end":{"line":11,"column":39}}],"line":11},"5":{"loc":{"start":{"line":11,"column":41},"end":{"line":11,"column":63}},"type":"default-arg","locations":[{"start":{"line":11,"column":47},"end":{"line":11,"column":63}}],"line":11},"6":{"loc":{"start":{"line":12,"column":2},"end":{"line":14,"column":3}},"type":"if","locations":[{"start":{"line":12,"column":2},"end":{"line":14,"column":3}},{"start":{"line":12,"column":2},"end":{"line":14,"column":3}}],"line":12},"7":{"loc":{"start":{"line":12,"column":6},"end":{"line":12,"column":50}},"type":"binary-expr","locations":[{"start":{"line":12,"column":6},"end":{"line":12,"column":24}},{"start":{"line":12,"column":28},"end":{"line":12,"column":37}},{"start":{"line":12,"column":41},"end":{"line":12,"column":50}}],"line":12},"8":{"loc":{"start":{"line":20,"column":2},"end":{"line":22,"column":3}},"type":"if","locations":[{"start":{"line":20,"column":2},"end":{"line":22,"column":3}},{"start":{"line":20,"column":2},"end":{"line":22,"column":3}}],"line":20},"9":{"loc":{"start":{"line":20,"column":6},"end":{"line":20,"column":59}},"type":"binary-expr","locations":[{"start":{"line":20,"column":6},"end":{"line":20,"column":10}},{"start":{"line":20,"column":14},"end":{"line":20,"column":59}}],"line":20},"10":{"loc":{"start":{"line":28,"column":15},"end":{"line":34,"column":8}},"type":"default-arg","locations":[{"start":{"line":34,"column":6},"end":{"line":34,"column":8}}],"line":28},"11":{"loc":{"start":{"line":29,"column":4},"end":{"line":29,"column":42}},"type":"default-arg","locations":[{"start":{"line":29,"column":13},"end":{"line":29,"column":42}}],"line":29},"12":{"loc":{"start":{"line":30,"column":4},"end":{"line":30,"column":46}},"type":"default-arg","locations":[{"start":{"line":30,"column":15},"end":{"line":30,"column":46}}],"line":30},"13":{"loc":{"start":{"line":31,"column":4},"end":{"line":31,"column":70}},"type":"default-arg","locations":[{"start":{"line":31,"column":27},"end":{"line":31,"column":70}}],"line":31},"14":{"loc":{"start":{"line":32,"column":4},"end":{"line":32,"column":50}},"type":"default-arg","locations":[{"start":{"line":32,"column":17},"end":{"line":32,"column":50}}],"line":32},"15":{"loc":{"start":{"line":33,"column":4},"end":{"line":33,"column":58}},"type":"default-arg","locations":[{"start":{"line":33,"column":21},"end":{"line":33,"column":58}}],"line":33},"16":{"loc":{"start":{"line":53,"column":6},"end":{"line":61,"column":7}},"type":"if","locations":[{"start":{"line":53,"column":6},"end":{"line":61,"column":7}},{"start":{"line":53,"column":6},"end":{"line":61,"column":7}}],"line":53},"17":{"loc":{"start":{"line":84,"column":59},"end":{"line":84,"column":70}},"type":"default-arg","locations":[{"start":{"line":84,"column":67},"end":{"line":84,"column":70}}],"line":84}},"s":{"0":2,"1":5,"2":1,"3":4,"4":2,"5":11,"6":1,"7":10,"8":2,"9":3,"10":1,"11":2,"12":5,"13":4,"14":4,"15":3,"16":3,"17":2,"18":2,"19":2,"20":2,"21":9979,"22":9979,"23":9979,"24":9979,"25":9979,"26":9979,"27":9979,"28":9979,"29":9979,"30":9979,"31":9979,"32":2,"33":2,"34":5,"35":2,"36":9979},"f":{"0":5,"1":11,"2":3,"3":5,"4":2,"5":2,"6":5,"7":9979},"b":{"0":[0],"1":[5],"2":[1,4],"3":[5,5,4],"4":[0],"5":[0],"6":[1,10],"7":[11,11,11],"8":[1,2],"9":[3,3],"10":[2],"11":[4],"12":[4],"13":[5],"14":[5],"15":[4],"16":[9979,0],"17":[0]},"_coverageSchema":"43e27e138ebf9cfc5966b082cf9a028302ed4184","hash":"b08df6ff090f0480d7837b8c8cace31429f26470"}
,"D:\\DAMIEN\\scripts\\lib\\extract-colors\\src\\color\\ColorsGroup.js": {"path":"D:\\DAMIEN\\scripts\\lib\\extract-colors\\src\\color\\ColorsGroup.js","statementMap":{"0":{"start":{"line":5,"column":4},"end":{"line":5,"column":18}},"1":{"start":{"line":6,"column":4},"end":{"line":6,"column":23}},"2":{"start":{"line":10,"column":4},"end":{"line":14,"column":5}},"3":{"start":{"line":11,"column":6},"end":{"line":11,"column":32}},"4":{"start":{"line":13,"column":6},"end":{"line":13,"column":43}},"5":{"start":{"line":16,"column":4},"end":{"line":16,"column":29}},"6":{"start":{"line":20,"column":4},"end":{"line":24,"column":5}},"7":{"start":{"line":21,"column":6},"end":{"line":21,"column":32}},"8":{"start":{"line":23,"column":6},"end":{"line":23,"column":59}},"9":{"start":{"line":26,"column":4},"end":{"line":26,"column":29}},"10":{"start":{"line":30,"column":4},"end":{"line":31,"column":37}},"11":{"start":{"line":31,"column":18},"end":{"line":31,"column":36}},"12":{"start":{"line":35,"column":4},"end":{"line":41,"column":5}},"13":{"start":{"line":36,"column":19},"end":{"line":37,"column":133}},"14":{"start":{"line":37,"column":22},"end":{"line":37,"column":132}},"15":{"start":{"line":39,"column":6},"end":{"line":39,"column":32}},"16":{"start":{"line":39,"column":26},"end":{"line":39,"column":31}},"17":{"start":{"line":40,"column":6},"end":{"line":40,"column":35}},"18":{"start":{"line":43,"column":4},"end":{"line":43,"column":25}},"19":{"start":{"line":47,"column":17},"end":{"line":47,"column":31}},"20":{"start":{"line":48,"column":4},"end":{"line":53,"column":6}},"21":{"start":{"line":49,"column":6},"end":{"line":51,"column":7}},"22":{"start":{"line":50,"column":8},"end":{"line":50,"column":98}},"23":{"start":{"line":52,"column":6},"end":{"line":52,"column":102}},"24":{"start":{"line":55,"column":4},"end":{"line":55,"column":93}},"25":{"start":{"line":59,"column":17},"end":{"line":59,"column":31}},"26":{"start":{"line":60,"column":4},"end":{"line":65,"column":6}},"27":{"start":{"line":61,"column":6},"end":{"line":63,"column":7}},"28":{"start":{"line":62,"column":8},"end":{"line":62,"column":32}},"29":{"start":{"line":64,"column":6},"end":{"line":64,"column":56}},"30":{"start":{"line":67,"column":4},"end":{"line":67,"column":65}},"31":{"start":{"line":71,"column":17},"end":{"line":77,"column":8}},"32":{"start":{"line":73,"column":22},"end":{"line":73,"column":33}},"33":{"start":{"line":74,"column":22},"end":{"line":74,"column":46}},"34":{"start":{"line":75,"column":8},"end":{"line":75,"column":27}},"35":{"start":{"line":76,"column":8},"end":{"line":76,"column":20}},"36":{"start":{"line":79,"column":4},"end":{"line":79,"column":108}},"37":{"start":{"line":79,"column":24},"end":{"line":79,"column":107}},"38":{"start":{"line":81,"column":20},"end":{"line":81,"column":22}},"39":{"start":{"line":82,"column":4},"end":{"line":89,"column":6}},"40":{"start":{"line":83,"column":19},"end":{"line":83,"column":70}},"41":{"start":{"line":83,"column":39},"end":{"line":83,"column":69}},"42":{"start":{"line":84,"column":6},"end":{"line":88,"column":7}},"43":{"start":{"line":85,"column":8},"end":{"line":85,"column":27}},"44":{"start":{"line":87,"column":8},"end":{"line":87,"column":33}},"45":{"start":{"line":91,"column":4},"end":{"line":91,"column":18}}},"fnMap":{"0":{"name":"(anonymous_0)","decl":{"start":{"line":4,"column":2},"end":{"line":4,"column":3}},"loc":{"start":{"line":4,"column":17},"end":{"line":7,"column":3}},"line":4},"1":{"name":"(anonymous_1)","decl":{"start":{"line":9,"column":2},"end":{"line":9,"column":3}},"loc":{"start":{"line":9,"column":17},"end":{"line":17,"column":3}},"line":9},"2":{"name":"(anonymous_2)","decl":{"start":{"line":19,"column":2},"end":{"line":19,"column":3}},"loc":{"start":{"line":19,"column":35},"end":{"line":27,"column":3}},"line":19},"3":{"name":"(anonymous_3)","decl":{"start":{"line":29,"column":2},"end":{"line":29,"column":3}},"loc":{"start":{"line":29,"column":13},"end":{"line":32,"column":3}},"line":29},"4":{"name":"(anonymous_4)","decl":{"start":{"line":31,"column":11},"end":{"line":31,"column":12}},"loc":{"start":{"line":31,"column":18},"end":{"line":31,"column":36}},"line":31},"5":{"name":"(anonymous_5)","decl":{"start":{"line":34,"column":2},"end":{"line":34,"column":3}},"loc":{"start":{"line":34,"column":45},"end":{"line":44,"column":3}},"line":34},"6":{"name":"(anonymous_6)","decl":{"start":{"line":37,"column":13},"end":{"line":37,"column":14}},"loc":{"start":{"line":37,"column":22},"end":{"line":37,"column":132}},"line":37},"7":{"name":"(anonymous_7)","decl":{"start":{"line":39,"column":16},"end":{"line":39,"column":17}},"loc":{"start":{"line":39,"column":26},"end":{"line":39,"column":31}},"line":39},"8":{"name":"(anonymous_8)","decl":{"start":{"line":46,"column":2},"end":{"line":46,"column":3}},"loc":{"start":{"line":46,"column":50},"end":{"line":56,"column":3}},"line":46},"9":{"name":"(anonymous_9)","decl":{"start":{"line":48,"column":14},"end":{"line":48,"column":15}},"loc":{"start":{"line":48,"column":24},"end":{"line":53,"column":5}},"line":48},"10":{"name":"(anonymous_10)","decl":{"start":{"line":58,"column":2},"end":{"line":58,"column":3}},"loc":{"start":{"line":58,"column":22},"end":{"line":68,"column":3}},"line":58},"11":{"name":"(anonymous_11)","decl":{"start":{"line":60,"column":14},"end":{"line":60,"column":15}},"loc":{"start":{"line":60,"column":24},"end":{"line":65,"column":5}},"line":60},"12":{"name":"(anonymous_12)","decl":{"start":{"line":70,"column":2},"end":{"line":70,"column":3}},"loc":{"start":{"line":70,"column":52},"end":{"line":92,"column":3}},"line":70},"13":{"name":"(anonymous_13)","decl":{"start":{"line":72,"column":11},"end":{"line":72,"column":12}},"loc":{"start":{"line":72,"column":20},"end":{"line":77,"column":7}},"line":72},"14":{"name":"(anonymous_14)","decl":{"start":{"line":79,"column":14},"end":{"line":79,"column":15}},"loc":{"start":{"line":79,"column":24},"end":{"line":79,"column":107}},"line":79},"15":{"name":"(anonymous_15)","decl":{"start":{"line":82,"column":17},"end":{"line":82,"column":18}},"loc":{"start":{"line":82,"column":26},"end":{"line":89,"column":5}},"line":82},"16":{"name":"(anonymous_16)","decl":{"start":{"line":83,"column":32},"end":{"line":83,"column":33}},"loc":{"start":{"line":83,"column":39},"end":{"line":83,"column":69}},"line":83}},"branchMap":{"0":{"loc":{"start":{"line":10,"column":4},"end":{"line":14,"column":5}},"type":"if","locations":[{"start":{"line":10,"column":4},"end":{"line":14,"column":5}},{"start":{"line":10,"column":4},"end":{"line":14,"column":5}}],"line":10},"1":{"loc":{"start":{"line":20,"column":4},"end":{"line":24,"column":5}},"type":"if","locations":[{"start":{"line":20,"column":4},"end":{"line":24,"column":5}},{"start":{"line":20,"column":4},"end":{"line":24,"column":5}}],"line":20},"2":{"loc":{"start":{"line":35,"column":4},"end":{"line":41,"column":5}},"type":"if","locations":[{"start":{"line":35,"column":4},"end":{"line":41,"column":5}},{"start":{"line":35,"column":4},"end":{"line":41,"column":5}}],"line":35},"3":{"loc":{"start":{"line":37,"column":22},"end":{"line":37,"column":132}},"type":"cond-expr","locations":[{"start":{"line":37,"column":38},"end":{"line":37,"column":82}},{"start":{"line":37,"column":85},"end":{"line":37,"column":132}}],"line":37},"4":{"loc":{"start":{"line":40,"column":23},"end":{"line":40,"column":35}},"type":"binary-expr","locations":[{"start":{"line":40,"column":23},"end":{"line":40,"column":30}},{"start":{"line":40,"column":34},"end":{"line":40,"column":35}}],"line":40},"5":{"loc":{"start":{"line":49,"column":6},"end":{"line":51,"column":7}},"type":"if","locations":[{"start":{"line":49,"column":6},"end":{"line":51,"column":7}},{"start":{"line":49,"column":6},"end":{"line":51,"column":7}}],"line":49},"6":{"loc":{"start":{"line":55,"column":11},"end":{"line":55,"column":93}},"type":"cond-expr","locations":[{"start":{"line":55,"column":29},"end":{"line":55,"column":36}},{"start":{"line":55,"column":39},"end":{"line":55,"column":93}}],"line":55},"7":{"loc":{"start":{"line":61,"column":6},"end":{"line":63,"column":7}},"type":"if","locations":[{"start":{"line":61,"column":6},"end":{"line":63,"column":7}},{"start":{"line":61,"column":6},"end":{"line":63,"column":7}}],"line":61},"8":{"loc":{"start":{"line":67,"column":11},"end":{"line":67,"column":65}},"type":"cond-expr","locations":[{"start":{"line":67,"column":29},"end":{"line":67,"column":36}},{"start":{"line":67,"column":39},"end":{"line":67,"column":65}}],"line":67},"9":{"loc":{"start":{"line":84,"column":6},"end":{"line":88,"column":7}},"type":"if","locations":[{"start":{"line":84,"column":6},"end":{"line":88,"column":7}},{"start":{"line":84,"column":6},"end":{"line":88,"column":7}}],"line":84}},"s":{"0":296,"1":296,"2":19961,"3":19670,"4":291,"5":19961,"6":9985,"7":4394,"8":5591,"9":9985,"10":408,"11":9382,"12":3,"13":3,"14":5,"15":3,"16":2,"17":3,"18":3,"19":3,"20":3,"21":3,"22":2,"23":1,"24":3,"25":398,"26":398,"27":13685,"28":13576,"29":109,"30":398,"31":2,"32":90,"33":90,"34":90,"35":90,"36":2,"37":542,"38":2,"39":2,"40":90,"41":139,"42":90,"43":5,"44":85,"45":2},"f":{"0":296,"1":19961,"2":9985,"3":408,"4":9382,"5":3,"6":5,"7":2,"8":3,"9":3,"10":398,"11":13685,"12":2,"13":90,"14":542,"15":90,"16":139},"b":{"0":[19670,291],"1":[4394,5591],"2":[3,0],"3":[5,0],"4":[3,1],"5":[2,1],"6":[2,1],"7":[13576,109],"8":[308,90],"9":[5,85]},"_coverageSchema":"43e27e138ebf9cfc5966b082cf9a028302ed4184","hash":"2b1c970f85a66954f2596bef2f0121258f7ff83f"}
}
