TN:
SF:src\extractColorsBrowser.js
FN:3,(anonymous_0)
FN:18,(anonymous_1)
FN:23,(anonymous_2)
FN:25,(anonymous_3)
FN:26,(anonymous_4)
FN:35,(anonymous_5)
FN:44,(anonymous_6)
FN:50,(anonymous_7)
FN:52,(anonymous_8)
FNF:9
FNH:1
FNDA:0,(anonymous_0)
FNDA:1,(anonymous_1)
FNDA:0,(anonymous_2)
FNDA:0,(anonymous_3)
FNDA:0,(anonymous_4)
FNDA:0,(anonymous_5)
FNDA:0,(anonymous_6)
FNDA:0,(anonymous_7)
FNDA:0,(anonymous_8)
DA:3,1
DA:4,0
DA:5,0
DA:6,0
DA:8,0
DA:9,0
DA:10,0
DA:12,0
DA:13,0
DA:15,0
DA:18,1
DA:19,1
DA:20,1
DA:23,1
DA:24,0
DA:25,0
DA:26,0
DA:27,0
DA:28,0
DA:29,0
DA:32,0
DA:33,0
DA:35,0
DA:36,0
DA:37,0
DA:39,0
DA:44,1
DA:45,0
DA:46,0
DA:47,0
DA:50,1
DA:51,0
DA:52,0
DA:53,0
DA:57,0
DA:58,0
DA:61,0
LF:37
LH:7
BRDA:5,0,0,0
BRDA:5,0,1,0
BRDA:6,1,0,0
BRDA:6,1,1,0
BRDA:24,2,0,0
BRDA:24,2,1,0
BRDA:24,2,2,0
BRDA:32,3,0,0
BRDA:32,3,1,0
BRDA:51,4,0,0
BRDA:51,4,1,0
BRDA:57,5,0,0
BRDA:57,5,1,0
BRF:13
BRH:0
end_of_record
TN:
SF:src\extractColorsModule.js
FN:5,(anonymous_0)
FN:16,(anonymous_1)
FN:21,(anonymous_2)
FN:22,(anonymous_3)
FN:28,(anonymous_4)
FN:30,(anonymous_5)
FNF:6
FNH:4
FNDA:1,(anonymous_0)
FNDA:0,(anonymous_1)
FNDA:4,(anonymous_2)
FNDA:4,(anonymous_3)
FNDA:4,(anonymous_4)
FNDA:0,(anonymous_5)
DA:3,1
DA:5,1
DA:6,1
DA:7,1
DA:8,1
DA:10,1
DA:11,1
DA:12,1
DA:13,1
DA:16,1
DA:17,0
DA:18,0
DA:21,4
DA:23,4
DA:24,1
DA:25,1
DA:28,1
DA:29,4
DA:30,0
DA:31,0
DA:35,4
DA:38,1
LF:22
LH:18
BRDA:7,0,0,0
BRDA:7,0,1,1
BRDA:8,1,0,0
BRDA:8,1,1,1
BRDA:29,2,0,0
BRDA:29,2,1,4
BRDA:29,3,0,4
BRDA:29,3,1,0
BRDA:29,3,2,0
BRDA:29,3,3,0
BRF:10
BRH:4
end_of_record
TN:
SF:src\color\Color.js
FN:2,(anonymous_0)
FN:13,(anonymous_1)
FN:17,(anonymous_2)
FN:21,(anonymous_3)
FNF:4
FNH:4
FNDA:5601,(anonymous_0)
FNDA:143,(anonymous_1)
FNDA:1093,(anonymous_2)
FNDA:1098,(anonymous_3)
DA:3,5601
DA:5,5601
DA:6,5601
DA:7,5601
DA:8,5601
DA:10,5601
DA:14,143
DA:18,1093
DA:22,1098
DA:23,100
DA:30,1098
LF:11
LH:11
BRDA:2,0,0,10
BRDA:22,1,0,100
BRDA:22,1,1,998
BRF:3
BRH:3
end_of_record
TN:
SF:src\color\ColorsExtractor.js
FN:3,(anonymous_0)
FN:11,(anonymous_1)
FN:19,(anonymous_2)
FN:28,(anonymous_3)
FN:42,(anonymous_4)
FN:67,(anonymous_5)
FN:69,(anonymous_6)
FN:84,(anonymous_7)
FNF:8
FNH:8
FNDA:5,(anonymous_0)
FNDA:11,(anonymous_1)
FNDA:3,(anonymous_2)
FNDA:5,(anonymous_3)
FNDA:2,(anonymous_4)
FNDA:2,(anonymous_5)
FNDA:5,(anonymous_6)
FNDA:9979,(anonymous_7)
DA:3,2
DA:4,5
DA:5,1
DA:8,4
DA:11,2
DA:12,11
DA:13,1
DA:16,10
DA:19,2
DA:20,3
DA:21,1
DA:24,2
DA:35,5
DA:36,4
DA:37,4
DA:38,3
DA:39,3
DA:43,2
DA:44,2
DA:47,2
DA:48,9979
DA:49,9979
DA:50,9979
DA:51,9979
DA:53,9979
DA:54,9979
DA:55,9979
DA:56,9979
DA:58,9979
DA:59,9979
DA:60,9979
DA:64,2
DA:68,2
DA:69,5
DA:80,2
DA:81,2
DA:82,2
DA:83,2
DA:84,9979
LF:39
LH:39
BRDA:3,0,0,0
BRDA:3,1,0,5
BRDA:4,2,0,1
BRDA:4,2,1,4
BRDA:4,3,0,5
BRDA:4,3,1,5
BRDA:4,3,2,4
BRDA:11,4,0,0
BRDA:11,5,0,0
BRDA:12,6,0,1
BRDA:12,6,1,10
BRDA:12,7,0,11
BRDA:12,7,1,11
BRDA:12,7,2,11
BRDA:20,8,0,1
BRDA:20,8,1,2
BRDA:20,9,0,3
BRDA:20,9,1,3
BRDA:28,10,0,2
BRDA:29,11,0,4
BRDA:30,12,0,4
BRDA:31,13,0,5
BRDA:32,14,0,5
BRDA:33,15,0,4
BRDA:53,16,0,9979
BRDA:53,16,1,0
BRDA:84,17,0,0
BRF:27
BRH:22
end_of_record
TN:
SF:src\color\ColorsGroup.js
FN:4,(anonymous_0)
FN:9,(anonymous_1)
FN:19,(anonymous_2)
FN:29,(anonymous_3)
FN:31,(anonymous_4)
FN:34,(anonymous_5)
FN:37,(anonymous_6)
FN:39,(anonymous_7)
FN:46,(anonymous_8)
FN:48,(anonymous_9)
FN:58,(anonymous_10)
FN:60,(anonymous_11)
FN:70,(anonymous_12)
FN:72,(anonymous_13)
FN:79,(anonymous_14)
FN:82,(anonymous_15)
FN:83,(anonymous_16)
FNF:17
FNH:17
FNDA:296,(anonymous_0)
FNDA:19961,(anonymous_1)
FNDA:9985,(anonymous_2)
FNDA:408,(anonymous_3)
FNDA:9382,(anonymous_4)
FNDA:3,(anonymous_5)
FNDA:5,(anonymous_6)
FNDA:2,(anonymous_7)
FNDA:3,(anonymous_8)
FNDA:3,(anonymous_9)
FNDA:398,(anonymous_10)
FNDA:13685,(anonymous_11)
FNDA:2,(anonymous_12)
FNDA:90,(anonymous_13)
FNDA:542,(anonymous_14)
FNDA:90,(anonymous_15)
FNDA:139,(anonymous_16)
DA:5,296
DA:6,296
DA:10,19961
DA:11,19670
DA:13,291
DA:16,19961
DA:20,9985
DA:21,4394
DA:23,5591
DA:26,9985
DA:30,408
DA:31,9382
DA:35,3
DA:36,3
DA:37,5
DA:39,3
DA:40,3
DA:43,3
DA:47,3
DA:48,3
DA:49,3
DA:50,2
DA:52,1
DA:55,3
DA:59,398
DA:60,398
DA:61,13685
DA:62,13576
DA:64,109
DA:67,398
DA:71,2
DA:73,90
DA:74,90
DA:75,90
DA:76,90
DA:79,542
DA:81,2
DA:82,2
DA:83,139
DA:84,90
DA:85,5
DA:87,85
DA:91,2
LF:43
LH:43
BRDA:10,0,0,19670
BRDA:10,0,1,291
BRDA:20,1,0,4394
BRDA:20,1,1,5591
BRDA:35,2,0,3
BRDA:35,2,1,0
BRDA:37,3,0,5
BRDA:37,3,1,0
BRDA:40,4,0,3
BRDA:40,4,1,1
BRDA:49,5,0,2
BRDA:49,5,1,1
BRDA:55,6,0,2
BRDA:55,6,1,1
BRDA:61,7,0,13576
BRDA:61,7,1,109
BRDA:67,8,0,308
BRDA:67,8,1,90
BRDA:84,9,0,5
BRDA:84,9,1,85
BRF:20
BRH:18
end_of_record
